<?xml version="1.0" encoding="UTF-8"?>
<!-- Generated by org.testng.reporters.JUnitXMLReporter -->
<testsuite hostname="LAPTOP-GSN6DV37" ignored="0" name="Test" tests="3" failures="0" timestamp="16 Jun 2017 11:50:49 GMT" time="8.123" errors="0">
  <testcase name="hardass" time="0.027" classname="TestNgPackage.AssertTest"/>
  <testcase name="softAssert" time="0.006" classname="TestNgPackage.AssertTest"/>
  <testcase name="f" time="8.054" classname="TestNgPackage.NewTest"/>
</testsuite> <!-- Test -->
